<?xml version="1.0" encoding="UTF-8"?>
<Events>
  <Event xmlns="http://schemas.microsoft.com/win/2004/08/events/event">
    <System>
      <Provider Name="Microsoft-Windows-Security-Auditing" Guid="{54849625-5478-4994-a5ba-3e3b0328c30d}"/>
      <EventID>4624</EventID>
      <Version>2</Version>
      <Level>0</Level>
      <Task>12544</Task>
      <Opcode>0</Opcode>
      <Keywords>0x8020000000000000</Keywords>
      <TimeCreated SystemTime="2026-09-21T09:15:00.1234567Z"/>
      <EventRecordID>1000</EventRecordID>
      <Channel>Security</Channel>
      <Computer>WS01.corp.example.org</Computer>
      <Security/>
    </System>
    <EventData>
      <Data Name="SubjectUserName">WS01$</Data>
      <Data Name="TargetUserName">alice</Data>
      <Data Name="TargetDomainName">CORP</Data>
      <Data Name="TargetLogonId">0x3e7a0</Data>
      <Data Name="LogonType">2</Data>
      <Data Name="WorkstationName">WS01</Data>
      <Data Name="IpAddress">10.0.1.20</Data>
      <Data Name="IpPort">49152</Data>
      <Data Name="LogonProcessName">User32</Data>
      <Data Name="AuthenticationPackageName">Negotiate</Data>
    </EventData>
  </Event>
  <Event xmlns="http://schemas.microsoft.com/win/2004/08/events/event">
    <System>
      <Provider Name="Microsoft-Windows-Security-Auditing" Guid="{54849625-5478-4994-a5ba-3e3b0328c30d}"/>
      <EventID>4688</EventID>
      <Version>2</Version>
      <Level>0</Level>
      <Task>13312</Task>
      <Opcode>0</Opcode>
      <Keywords>0x8020000000000000</Keywords>
      <TimeCreated SystemTime="2026-09-21T09:15:13.1234567Z"/>
      <EventRecordID>1001</EventRecordID>
      <Channel>Security</Channel>
      <Computer>WS02.corp.example.org</Computer>
      <Security/>
    </System>
    <EventData>
      <Data Name="SubjectUserName">bob</Data>
      <Data Name="SubjectDomainName">CORP</Data>
      <Data Name="SubjectLogonId">0x3e7a1</Data>
      <Data Name="NewProcessId">0x1a01</Data>
      <Data Name="NewProcessName">C:\Windows\System32\notepad.exe</Data>
      <Data Name="TokenElevationType">%%1938</Data>
      <Data Name="ProcessId">0x801</Data>
      <Data Name="CommandLine">notepad.exe C:\Users\Public\notes.txt</Data>
      <Data Name="ParentProcessName">C:\Windows\explorer.exe</Data>
    </EventData>
  </Event>
  <Event xmlns="http://schemas.microsoft.com/win/2004/08/events/event">
    <System>
      <Provider Name="Microsoft-Windows-Security-Auditing" Guid="{54849625-5478-4994-a5ba-3e3b0328c30d}"/>
      <EventID>4634</EventID>
      <Version>2</Version>
      <Level>0</Level>
      <Task>12545</Task>
      <Opcode>0</Opcode>
      <Keywords>0x8020000000000000</Keywords>
      <TimeCreated SystemTime="2026-09-21T09:15:26.1234567Z"/>
      <EventRecordID>1002</EventRecordID>
      <Channel>Security</Channel>
      <Computer>WS03.corp.example.org</Computer>
      <Security/>
    </System>
    <EventData>
      <Data Name="TargetUserName">carol</Data>
      <Data Name="TargetDomainName">CORP</Data>
      <Data Name="TargetLogonId">0x3e7a2</Data>
      <Data Name="LogonType">3</Data>
    </EventData>
  </Event>
  <Event xmlns="http://schemas.microsoft.com/win/2004/08/events/event">
    <System>
      <Provider Name="Microsoft-Windows-Security-Auditing" Guid="{54849625-5478-4994-a5ba-3e3b0328c30d}"/>
      <EventID>4624</EventID>
      <Version>2</Version>
      <Level>0</Level>
      <Task>12544</Task>
      <Opcode>0</Opcode>
      <Keywords>0x8020000000000000</Keywords>
      <TimeCreated SystemTime="2026-09-21T09:15:39.1234567Z"/>
      <EventRecordID>1003</EventRecordID>
      <Channel>Security</Channel>
      <Computer>WS01.corp.example.org</Computer>
      <Security/>
    </System>
    <EventData>
      <Data Name="SubjectUserName">WS01$</Data>
      <Data Name="TargetUserName">dave</Data>
      <Data Name="TargetDomainName">CORP</Data>
      <Data Name="TargetLogonId">0x3e7a3</Data>
      <Data Name="LogonType">2</Data>
      <Data Name="WorkstationName">WS01</Data>
      <Data Name="IpAddress">10.0.1.23</Data>
      <Data Name="IpPort">49155</Data>
      <Data Name="LogonProcessName">User32</Data>
      <Data Name="AuthenticationPackageName">Negotiate</Data>
    </EventData>
  </Event>
  <Event xmlns="http://schemas.microsoft.com/win/2004/08/events/event">
    <System>
      <Provider Name="Microsoft-Windows-Security-Auditing" Guid="{54849625-5478-4994-a5ba-3e3b0328c30d}"/>
      <EventID>4688</EventID>
      <Version>2</Version>
      <Level>0</Level>
      <Task>13312</Task>
      <Opcode>0</Opcode>
      <Keywords>0x8020000000000000</Keywords>
      <TimeCreated SystemTime="2026-09-21T09:16:52.1234567Z"/>
      <EventRecordID>1004</EventRecordID>
      <Channel>Security</Channel>
      <Computer>WS02.corp.example.org</Computer>
      <Security/>
    </System>
    <EventData>
      <Data Name="SubjectUserName">erin</Data>
      <Data Name="SubjectDomainName">CORP</Data>
      <Data Name="SubjectLogonId">0x3e7a4</Data>
      <Data Name="NewProcessId">0x1a04</Data>
      <Data Name="NewProcessName">C:\Windows\System32\notepad.exe</Data>
      <Data Name="TokenElevationType">%%1938</Data>
      <Data Name="ProcessId">0x804</Data>
      <Data Name="CommandLine">notepad.exe C:\Users\Public\notes.txt</Data>
      <Data Name="ParentProcessName">C:\Windows\explorer.exe</Data>
    </EventData>
  </Event>
  <Event xmlns="http://schemas.microsoft.com/win/2004/08/events/event">
    <System>
      <Provider Name="Microsoft-Windows-Security-Auditing" Guid="{54849625-5478-4994-a5ba-3e3b0328c30d}"/>
      <EventID>4634</EventID>
      <Version>2</Version>
      <Level>0</Level>
      <Task>12545</Task>
      <Opcode>0</Opcode>
      <Keywords>0x8020000000000000</Keywords>
      <TimeCreated SystemTime="2026-09-21T09:16:05.1234567Z"/>
      <EventRecordID>1005</EventRecordID>
      <Channel>Security</Channel>
      <Computer>WS03.corp.example.org</Computer>
      <Security/>
    </System>
    <EventData>
      <Data Name="TargetUserName">alice</Data>
      <Data Name="TargetDomainName">CORP</Data>
      <Data Name="TargetLogonId">0x3e7a5</Data>
      <Data Name="LogonType">3</Data>
    </EventData>
  </Event>
  <Event xmlns="http://schemas.microsoft.com/win/2004/08/events/event">
    <System>
      <Provider Name="Microsoft-Windows-Security-Auditing" Guid="{54849625-5478-4994-a5ba-3e3b0328c30d}"/>
      <EventID>4624</EventID>
      <Version>2</Version>
      <Level>0</Level>
      <Task>12544</Task>
      <Opcode>0</Opcode>
      <Keywords>0x8020000000000000</Keywords>
      <TimeCreated SystemTime="2026-09-21T09:16:18.1234567Z"/>
      <EventRecordID>1006</EventRecordID>
      <Channel>Security</Channel>
      <Computer>WS01.corp.example.org</Computer>
      <Security/>
    </System>
    <EventData>
      <Data Name="SubjectUserName">WS01$</Data>
      <Data Name="TargetUserName">bob</Data>
      <Data Name="TargetDomainName">CORP</Data>
      <Data Name="TargetLogonId">0x3e7a6</Data>
      <Data Name="LogonType">2</Data>
      <Data Name="WorkstationName">WS01</Data>
      <Data Name="IpAddress">10.0.1.26</Data>
      <Data Name="IpPort">49158</Data>
      <Data Name="LogonProcessName">User32</Data>
      <Data Name="AuthenticationPackageName">Negotiate</Data>
    </EventData>
  </Event>
  <Event xmlns="http://schemas.microsoft.com/win/2004/08/events/event">
    <System>
      <Provider Name="Microsoft-Windows-Security-Auditing" Guid="{54849625-5478-4994-a5ba-3e3b0328c30d}"/>
      <EventID>4688</EventID>
      <Version>2</Version>
      <Level>0</Level>
      <Task>13312</Task>
      <Opcode>0</Opcode>
      <Keywords>0x8020000000000000</Keywords>
      <TimeCreated SystemTime="2026-09-21T09:16:31.1234567Z"/>
      <EventRecordID>1007</EventRecordID>
      <Channel>Security</Channel>
      <Computer>WS02.corp.example.org</Computer>
      <Security/>
    </System>
    <EventData>
      <Data Name="SubjectUserName">carol</Data>
      <Data Name="SubjectDomainName">CORP</Data>
      <Data Name="SubjectLogonId">0x3e7a7</Data>
      <Data Name="NewProcessId">0x1a07</Data>
      <Data Name="NewProcessName">C:\Windows\System32\notepad.exe</Data>
      <Data Name="TokenElevationType">%%1938</Data>
      <Data Name="ProcessId">0x807</Data>
      <Data Name="CommandLine">notepad.exe C:\Users\Public\notes.txt</Data>
      <Data Name="ParentProcessName">C:\Windows\explorer.exe</Data>
    </EventData>
  </Event>
  <Event xmlns="http://schemas.microsoft.com/win/2004/08/events/event">
    <System>
      <Provider Name="Microsoft-Windows-Security-Auditing" Guid="{54849625-5478-4994-a5ba-3e3b0328c30d}"/>
      <EventID>4634</EventID>
      <Version>2</Version>
      <Level>0</Level>
      <Task>12545</Task>
      <Opcode>0</Opcode>
      <Keywords>0x8020000000000000</Keywords>
      <TimeCreated SystemTime="2026-09-21T09:17:44.1234567Z"/>
      <EventRecordID>1008</EventRecordID>
      <Channel>Security</Channel>
      <Computer>WS03.corp.example.org</Computer>
      <Security/>
    </System>
    <EventData>
      <Data Name="TargetUserName">dave</Data>
      <Data Name="TargetDomainName">CORP</Data>
      <Data Name="TargetLogonId">0x3e7a8</Data>
      <Data Name="LogonType">3</Data>
    </EventData>
  </Event>
  <Event xmlns="http://schemas.microsoft.com/win/2004/08/events/event">
    <System>
      <Provider Name="Microsoft-Windows-Security-Auditing" Guid="{54849625-5478-4994-a5ba-3e3b0328c30d}"/>
      <EventID>4624</EventID>
      <Version>2</Version>
      <Level>0</Level>
      <Task>12544</Task>
      <Opcode>0</Opcode>
      <Keywords>0x8020000000000000</Keywords>
      <TimeCreated SystemTime="2026-09-21T09:17:57.1234567Z"/>
      <EventRecordID>1009</EventRecordID>
      <Channel>Security</Channel>
      <Computer>WS01.corp.example.org</Computer>
      <Security/>
    </System>
    <EventData>
      <Data Name="SubjectUserName">WS01$</Data>
      <Data Name="TargetUserName">erin</Data>
      <Data Name="TargetDomainName">CORP</Data>
      <Data Name="TargetLogonId">0x3e7a9</Data>
      <Data Name="LogonType">2</Data>
      <Data Name="WorkstationName">WS01</Data>
      <Data Name="IpAddress">10.0.1.29</Data>
      <Data Name="IpPort">49161</Data>
      <Data Name="LogonProcessName">User32</Data>
      <Data Name="AuthenticationPackageName">Negotiate</Data>
    </EventData>
  </Event>
  <Event xmlns="http://schemas.microsoft.com/win/2004/08/events/event">
    <System>
      <Provider Name="Microsoft-Windows-Security-Auditing" Guid="{54849625-5478-4994-a5ba-3e3b0328c30d}"/>
      <EventID>4688</EventID>
      <Version>2</Version>
      <Level>0</Level>
      <Task>13312</Task>
      <Opcode>0</Opcode>
      <Keywords>0x8020000000000000</Keywords>
      <TimeCreated SystemTime="2026-09-21T09:17:10.1234567Z"/>
      <EventRecordID>1010</EventRecordID>
      <Channel>Security</Channel>
      <Computer>WS02.corp.example.org</Computer>
      <Security/>
    </System>
    <EventData>
      <Data Name="SubjectUserName">alice</Data>
      <Data Name="SubjectDomainName">CORP</Data>
      <Data Name="SubjectLogonId">0x3e7aa</Data>
      <Data Name="NewProcessId">0x1a0a</Data>
      <Data Name="NewProcessName">C:\Windows\System32\notepad.exe</Data>
      <Data Name="TokenElevationType">%%1938</Data>
      <Data Name="ProcessId">0x80a</Data>
      <Data Name="CommandLine">notepad.exe C:\Users\Public\notes.txt</Data>
      <Data Name="ParentProcessName">C:\Windows\explorer.exe</Data>
    </EventData>
  </Event>
  <Event xmlns="http://schemas.microsoft.com/win/2004/08/events/event">
    <System>
      <Provider Name="Microsoft-Windows-Security-Auditing" Guid="{54849625-5478-4994-a5ba-3e3b0328c30d}"/>
      <EventID>4634</EventID>
      <Version>2</Version>
      <Level>0</Level>
      <Task>12545</Task>
      <Opcode>0</Opcode>
      <Keywords>0x8020000000000000</Keywords>
      <TimeCreated SystemTime="2026-09-21T09:17:23.1234567Z"/>
      <EventRecordID>1011</EventRecordID>
      <Channel>Security</Channel>
      <Computer>WS03.corp.example.org</Computer>
      <Security/>
    </System>
    <EventData>
      <Data Name="TargetUserName">bob</Data>
      <Data Name="TargetDomainName">CORP</Data>
      <Data Name="TargetLogonId">0x3e7ab</Data>
      <Data Name="LogonType">3</Data>
    </EventData>
  </Event>
  <Event xmlns="http://schemas.microsoft.com/win/2004/08/events/event">
    <System>
      <Provider Name="Microsoft-Windows-Security-Auditing" Guid="{54849625-5478-4994-a5ba-3e3b0328c30d}"/>
      <EventID>4624</EventID>
      <Version>2</Version>
      <Level>0</Level>
      <Task>12544</Task>
      <Opcode>0</Opcode>
      <Keywords>0x8020000000000000</Keywords>
      <TimeCreated SystemTime="2026-09-21T09:18:36.1234567Z"/>
      <EventRecordID>1012</EventRecordID>
      <Channel>Security</Channel>
      <Computer>WS01.corp.example.org</Computer>
      <Security/>
    </System>
    <EventData>
      <Data Name="SubjectUserName">WS01$</Data>
      <Data Name="TargetUserName">carol</Data>
      <Data Name="TargetDomainName">CORP</Data>
      <Data Name="TargetLogonId">0x3e7ac</Data>
      <Data Name="LogonType">2</Data>
      <Data Name="WorkstationName">WS01</Data>
      <Data Name="IpAddress">10.0.1.32</Data>
      <Data Name="IpPort">49164</Data>
      <Data Name="LogonProcessName">User32</Data>
      <Data Name="AuthenticationPackageName">Negotiate</Data>
    </EventData>
  </Event>
  <Event xmlns="http://schemas.microsoft.com/win/2004/08/events/event">
    <System>
      <Provider Name="Microsoft-Windows-Security-Auditing" Guid="{54849625-5478-4994-a5ba-3e3b0328c30d}"/>
      <EventID>4688</EventID>
      <Version>2</Version>
      <Level>0</Level>
      <Task>13312</Task>
      <Opcode>0</Opcode>
      <Keywords>0x8020000000000000</Keywords>
      <TimeCreated SystemTime="2026-09-21T09:18:49.1234567Z"/>
      <EventRecordID>1013</EventRecordID>
      <Channel>Security</Channel>
      <Computer>WS02.corp.example.org</Computer>
      <Security/>
    </System>
    <EventData>
      <Data Name="SubjectUserName">dave</Data>
      <Data Name="SubjectDomainName">CORP</Data>
      <Data Name="SubjectLogonId">0x3e7ad</Data>
      <Data Name="NewProcessId">0x1a0d</Data>
      <Data Name="NewProcessName">C:\Windows\System32\notepad.exe</Data>
      <Data Name="TokenElevationType">%%1938</Data>
      <Data Name="ProcessId">0x80d</Data>
      <Data Name="CommandLine">notepad.exe C:\Users\Public\notes.txt</Data>
      <Data Name="ParentProcessName">C:\Windows\explorer.exe</Data>
    </EventData>
  </Event>
  <Event xmlns="http://schemas.microsoft.com/win/2004/08/events/event">
    <System>
      <Provider Name="Microsoft-Windows-Security-Auditing" Guid="{54849625-5478-4994-a5ba-3e3b0328c30d}"/>
      <EventID>4634</EventID>
      <Version>2</Version>
      <Level>0</Level>
      <Task>12545</Task>
      <Opcode>0</Opcode>
      <Keywords>0x8020000000000000</Keywords>
      <TimeCreated SystemTime="2026-09-21T09:18:02.1234567Z"/>
      <EventRecordID>1014</EventRecordID>
      <Channel>Security</Channel>
      <Computer>WS03.corp.example.org</Computer>
      <Security/>
    </System>
    <EventData>
      <Data Name="TargetUserName">erin</Data>
      <Data Name="TargetDomainName">CORP</Data>
      <Data Name="TargetLogonId">0x3e7ae</Data>
      <Data Name="LogonType">3</Data>
    </EventData>
  </Event>
</Events>
